<?xml version="1.0" encoding="UTF-8"?>
<testsuite name="varontron.test.BasicTest" time="0.004" tests="8" errors="0" skipped="0" failures="0">
  <properties>
    <property name="java.runtime.name" value="Java(TM) SE Runtime Environment"/>
    <property name="sun.boot.library.path" value="/System/Library/Java/JavaVirtualMachines/1.6.0.jdk/Contents/Libraries"/>
    <property name="java.vm.version" value="20.65-b04-466.1"/>
    <property name="awt.nativeDoubleBuffering" value="true"/>
    <property name="gopherProxySet" value="false"/>
    <property name="mrj.build" value="11M4716"/>
    <property name="java.vm.vendor" value="Apple Inc."/>
    <property name="java.vendor.url" value="http://www.apple.com/"/>
    <property name="path.separator" value=":"/>
    <property name="guice.disable.misplaced.annotation.check" value="true"/>
    <property name="java.vm.name" value="Java HotSpot(TM) 64-Bit Server VM"/>
    <property name="file.encoding.pkg" value="sun.io"/>
    <property name="user.country" value="US"/>
    <property name="sun.java.launcher" value="SUN_STANDARD"/>
    <property name="sun.os.patch.level" value="unknown"/>
    <property name="java.vm.specification.name" value="Java Virtual Machine Specification"/>
    <property name="user.dir" value="/Users/varonda1/Documents/workspace/testng-annoxform2-bug"/>
    <property name="forkCount" value="0"/>
    <property name="java.runtime.version" value="1.6.0_65-b14-466.1-11M4716"/>
    <property name="java.awt.graphicsenv" value="apple.awt.CGraphicsEnvironment"/>
    <property name="basedir" value="/Users/varonda1/Documents/workspace/testng-annoxform2-bug"/>
    <property name="java.endorsed.dirs" value="/System/Library/Java/JavaVirtualMachines/1.6.0.jdk/Contents/Home/lib/endorsed"/>
    <property name="os.arch" value="x86_64"/>
    <property name="java.io.tmpdir" value="/var/folders/m4/0z94sk3955vg08_3kxwl22zc001j13/T/"/>
    <property name="line.separator" value="&#10;"/>
    <property name="java.vm.specification.vendor" value="Sun Microsystems Inc."/>
    <property name="https.proxyHost" value="usca-proxy01.na.novartis.net"/>
    <property name="os.name" value="Mac OS X"/>
    <property name="classworlds.conf" value="/Users/varonda1/Documents/workspace/.metadata/.plugins/org.eclipse.m2e.launching/launches/m2conf5346495935950788368.tmp"/>
    <property name="sun.jnu.encoding" value="MacRoman"/>
    <property name="java.library.path" value=".:/Library/Java/Extensions:/System/Library/Java/Extensions:/usr/lib/java"/>
    <property name="http.proxyPort" value="2011"/>
    <property name="surefire.test.class.path" value="/Users/varonda1/Documents/workspace/testng-annoxform2-bug/target/test-classes:/Users/varonda1/Documents/workspace/testng-annoxform2-bug/target/classes:/Users/varonda1/.m2/repository/org/testng/testng/6.8.21/testng-6.8.21.jar:/Users/varonda1/.m2/repository/org/beanshell/bsh/2.0b4/bsh-2.0b4.jar:/Users/varonda1/.m2/repository/com/beust/jcommander/1.27/jcommander-1.27.jar:/Users/varonda1/.m2/repository/org/apache/maven/surefire/surefire-testng-utils/2.18.1/surefire-testng-utils-2.18.1.jar:/Users/varonda1/.m2/repository/org/apache/maven/surefire/surefire-grouper/2.18.1/surefire-grouper-2.18.1.jar:"/>
    <property name="java.specification.name" value="Java Platform API Specification"/>
    <property name="java.class.version" value="50.0"/>
    <property name="sun.management.compiler" value="HotSpot 64-Bit Tiered Compilers"/>
    <property name="os.version" value="10.10.4"/>
    <property name="http.nonProxyHosts" value="atku|*.atku|atwi|*.atwi|bebr|*.bebr|brsp|*.brsp|chbe|*.chbe|chbs|*.chbs|chiron.com|*.chiron.com|chiron-europe.com|*.chiron-europe.com|chironvaccines.com|*.chironvaccines.com|chiron-behring.de|*.chiron-behring.de|chst|*.chst|cnbj|*.cnbj|cobo|*.cobo|defr|*.defr|dege|*.dege|degw|*.degw|dego|*.dego|denu|*.denu|dewe|*.dewe|esba|*.esba|eslf|*.eslf|frru|*.frru|frhu|*.frhu|gbfr|*.gbfr|gbho|*.gbho|gecis.ge.com|*.gecis.ge.com|genpact.ge.com|*.genpact.ge.com|intra|*.intra|intranet.genpact.com|*.intranet.genpact.com|itma|*.itma|itor|*.itor|itrv|*.itrv|itta|*.itta|jpta|*.jpta|mxmc|*.mxmc|nanozoomer.gnf.org|*.nanozoomer.gnf.org|novartis.net|*.novartis.net|pki.novartis.com|*.pki.novartis.com|portal.gnf.org|*.portal.gnf.org|rservices.com|*.rservices.com|seta|*.seta|sgsg|*.sgsg|trle|*.trle|triaton.com|*.triaton.com|twtp|*.twtp|usat|*.usat|usbr|*.usbr|useh|*.useh|ussu|*.ussu|160.61.1.65|160.61.112.195|160.61.112.195|162.86.78.177|170.60.112.198|170.236.0.86|170.236.114.155|local|*.local|169.254/16|*.169.254/16|localhost|*.localhost|10.0.4.1|dedicated.lync.com|*.dedicated.lync.com"/>
    <property name="user.home" value="/Users/varonda1"/>
    <property name="user.timezone" value="America/New_York"/>
    <property name="java.awt.printerjob" value="apple.awt.CPrinterJob"/>
    <property name="java.specification.version" value="1.6"/>
    <property name="file.encoding" value="MacRoman"/>
    <property name="user.name" value="varonda1"/>
    <property name="java.class.path" value="/Applications/eclipse/configuration/org.eclipse.osgi/bundles/535/1/.cp/jars/plexus-classworlds-2.4.jar"/>
    <property name="java.vm.specification.version" value="1.0"/>
    <property name="sun.arch.data.model" value="64"/>
    <property name="java.home" value="/System/Library/Java/JavaVirtualMachines/1.6.0.jdk/Contents/Home"/>
    <property name="sun.java.command" value="org.codehaus.plexus.classworlds.launcher.Launcher -DforkCount=0 -B -s /Users/varonda1/.m2/settings.xml clean test"/>
    <property name="java.specification.vendor" value="Sun Microsystems Inc."/>
    <property name="user.language" value="en"/>
    <property name="awt.toolkit" value="apple.awt.CToolkit"/>
    <property name="java.vm.info" value="mixed mode"/>
    <property name="java.version" value="1.6.0_65"/>
    <property name="java.ext.dirs" value="/Library/Java/Extensions:/System/Library/Java/Extensions:/System/Library/Java/JavaVirtualMachines/1.6.0.jdk/Contents/Home/lib/ext"/>
    <property name="http.proxyHost" value="usca-proxy01.na.novartis.net"/>
    <property name="sun.boot.class.path" value="/System/Library/Java/JavaVirtualMachines/1.6.0.jdk/Contents/Classes/jsfd.jar:/System/Library/Java/JavaVirtualMachines/1.6.0.jdk/Contents/Classes/classes.jar:/System/Library/Frameworks/JavaVM.framework/Frameworks/JavaRuntimeSupport.framework/Resources/Java/JavaRuntimeSupport.jar:/System/Library/Java/JavaVirtualMachines/1.6.0.jdk/Contents/Classes/ui.jar:/System/Library/Java/JavaVirtualMachines/1.6.0.jdk/Contents/Classes/laf.jar:/System/Library/Java/JavaVirtualMachines/1.6.0.jdk/Contents/Classes/sunrsasign.jar:/System/Library/Java/JavaVirtualMachines/1.6.0.jdk/Contents/Classes/jsse.jar:/System/Library/Java/JavaVirtualMachines/1.6.0.jdk/Contents/Classes/jce.jar:/System/Library/Java/JavaVirtualMachines/1.6.0.jdk/Contents/Classes/charsets.jar"/>
    <property name="java.vendor" value="Apple Inc."/>
    <property name="maven.home" value="/Users/varonda1/Documents/workspace/testng-annoxform2-bug/EMBEDDED"/>
    <property name="localRepository" value="/Users/varonda1/.m2/repository"/>
    <property name="file.separator" value="/"/>
    <property name="java.vendor.url.bug" value="http://bugreport.apple.com/"/>
    <property name="maven.bootclasspath" value="/Applications/eclipse/configuration/org.eclipse.osgi/bundles/535/1/.cp/jars/plexus-classworlds-2.4.jar"/>
    <property name="sun.cpu.endian" value="little"/>
    <property name="sun.io.unicode.encoding" value="UnicodeLittle"/>
    <property name="mrj.version" value="1070.1.6.0_65-466.1"/>
    <property name="https.proxyPort" value="2011"/>
    <property name="socksNonProxyHosts" value="atku|*.atku|atwi|*.atwi|bebr|*.bebr|brsp|*.brsp|chbe|*.chbe|chbs|*.chbs|chiron.com|*.chiron.com|chiron-europe.com|*.chiron-europe.com|chironvaccines.com|*.chironvaccines.com|chiron-behring.de|*.chiron-behring.de|chst|*.chst|cnbj|*.cnbj|cobo|*.cobo|defr|*.defr|dege|*.dege|degw|*.degw|dego|*.dego|denu|*.denu|dewe|*.dewe|esba|*.esba|eslf|*.eslf|frru|*.frru|frhu|*.frhu|gbfr|*.gbfr|gbho|*.gbho|gecis.ge.com|*.gecis.ge.com|genpact.ge.com|*.genpact.ge.com|intra|*.intra|intranet.genpact.com|*.intranet.genpact.com|itma|*.itma|itor|*.itor|itrv|*.itrv|itta|*.itta|jpta|*.jpta|mxmc|*.mxmc|nanozoomer.gnf.org|*.nanozoomer.gnf.org|novartis.net|*.novartis.net|pki.novartis.com|*.pki.novartis.com|portal.gnf.org|*.portal.gnf.org|rservices.com|*.rservices.com|seta|*.seta|sgsg|*.sgsg|trle|*.trle|triaton.com|*.triaton.com|twtp|*.twtp|usat|*.usat|usbr|*.usbr|useh|*.useh|ussu|*.ussu|160.61.1.65|160.61.112.195|160.61.112.195|162.86.78.177|170.60.112.198|170.236.0.86|170.236.114.155|local|*.local|169.254/16|*.169.254/16|localhost|*.localhost|10.0.4.1|dedicated.lync.com|*.dedicated.lync.com"/>
    <property name="ftp.nonProxyHosts" value="atku|*.atku|atwi|*.atwi|bebr|*.bebr|brsp|*.brsp|chbe|*.chbe|chbs|*.chbs|chiron.com|*.chiron.com|chiron-europe.com|*.chiron-europe.com|chironvaccines.com|*.chironvaccines.com|chiron-behring.de|*.chiron-behring.de|chst|*.chst|cnbj|*.cnbj|cobo|*.cobo|defr|*.defr|dege|*.dege|degw|*.degw|dego|*.dego|denu|*.denu|dewe|*.dewe|esba|*.esba|eslf|*.eslf|frru|*.frru|frhu|*.frhu|gbfr|*.gbfr|gbho|*.gbho|gecis.ge.com|*.gecis.ge.com|genpact.ge.com|*.genpact.ge.com|intra|*.intra|intranet.genpact.com|*.intranet.genpact.com|itma|*.itma|itor|*.itor|itrv|*.itrv|itta|*.itta|jpta|*.jpta|mxmc|*.mxmc|nanozoomer.gnf.org|*.nanozoomer.gnf.org|novartis.net|*.novartis.net|pki.novartis.com|*.pki.novartis.com|portal.gnf.org|*.portal.gnf.org|rservices.com|*.rservices.com|seta|*.seta|sgsg|*.sgsg|trle|*.trle|triaton.com|*.triaton.com|twtp|*.twtp|usat|*.usat|usbr|*.usbr|useh|*.useh|ussu|*.ussu|160.61.1.65|160.61.112.195|160.61.112.195|162.86.78.177|170.60.112.198|170.236.0.86|170.236.114.155|local|*.local|169.254/16|*.169.254/16|localhost|*.localhost|10.0.4.1|dedicated.lync.com|*.dedicated.lync.com"/>
    <property name="sun.cpu.isalist" value=""/>
  </properties>
  <testcase name="aTest" classname="varontron.test.BasicTest" time="0.004"/>
  <testcase name="aTest" classname="varontron.test.BasicTest" time="0"/>
  <testcase name="aTest" classname="varontron.test.BasicTest" time="0.001"/>
  <testcase name="aTest" classname="varontron.test.BasicTest" time="0"/>
  <testcase name="bTest" classname="varontron.test.BasicTest" time="0"/>
  <testcase name="bTest" classname="varontron.test.BasicTest" time="0.001"/>
  <testcase name="bTest" classname="varontron.test.BasicTest" time="0"/>
  <testcase name="bTest" classname="varontron.test.BasicTest" time="0"/>
</testsuite>