<?xml version="1.0" encoding="UTF-8"?>
<!-- Generated by org.testng.reporters.JUnitReportReporter -->
<testsuite hostname="PHUSCA-L25403" name="varontron.test.BasicTest" tests="8" failures="0" timestamp="28 Aug 2015 02:45:56 GMT" time="0.007" errors="0">
  <testcase name="aTest" time="0.006" classname="varontron.test.BasicTest"/>
  <testcase name="aTest" time="0.000" classname="varontron.test.BasicTest"/>
  <testcase name="bTest" time="0.000" classname="varontron.test.BasicTest"/>
  <testcase name="bTest" time="0.000" classname="varontron.test.BasicTest"/>
  <testcase name="bTest" time="0.000" classname="varontron.test.BasicTest"/>
  <testcase name="aTest" time="0.000" classname="varontron.test.BasicTest"/>
  <testcase name="aTest" time="0.000" classname="varontron.test.BasicTest"/>
  <testcase name="bTest" time="0.001" classname="varontron.test.BasicTest"/>
</testsuite> <!-- varontron.test.BasicTest -->
